<?xml version="1.0" encoding="UTF-8"?>
<testsuite name="EventPlanningTest" tests="2" skipped="0" failures="0" errors="0" timestamp="2016-09-09T15:42:50" hostname="epicodus-108.local" time="0.001">
  <properties/>
  <testcase name="runEventPlanning_initialTesting_ArrayList" classname="EventPlanningTest" time="0.001"/>
  <testcase name="runEventPlanning_addingNumbersTo_ArrayList" classname="EventPlanningTest" time="0.0"/>
  <system-out><![CDATA[]]></system-out>
  <system-err><![CDATA[]]></system-err>
</testsuite>
